
> chainvolio@0.1.0 build
> next build

  Γû▓ Next.js 14.2.10
  - Environments: .env.local

   Creating an optimized production build ...
 Γ£ô Compiled successfully
   Linting and checking validity of types ...
   Collecting page data ...
   Generating static pages (0/14) ...
   Generating static pages (3/14) 
   Generating static pages (6/14) 
   Generating static pages (10/14) 
 Γ£ô Generating static pages (14/14)
   Finalizing page optimization ...
   Collecting build traces ...

Route (app)                                    Size     First Load JS
Γöî Γùï /                                          4.76 kB        98.9 kB
Γö£ Γùï /_not-found                                871 B          88.2 kB
Γö£ ╞Æ /api/attest                                0 B                0 B
Γö£ ╞Æ /api/attest/[id]                           0 B                0 B
Γö£ ╞Æ /api/hiring/collections                    0 B                0 B
Γö£ ╞Æ /api/hiring/collections/[slug]             0 B                0 B
Γö£ ╞Æ /api/hiring/collections/[slug]/candidates  0 B                0 B
Γö£ ╞Æ /api/hiring/submissions                    0 B                0 B
Γö£ ╞Æ /api/hiring/submissions/[id]               0 B                0 B
Γö£ ╞Æ /api/portfolio                             0 B                0 B
Γö£ ╞Æ /api/portfolio/[id]                        0 B                0 B
Γö£ ╞Æ /api/profile                               0 B                0 B
Γö£ ╞Æ /api/receipts                              0 B                0 B
Γö£ ╞Æ /attest/[id]                               5.09 kB        99.2 kB
Γö£ Γùï /create-profile                            15.3 kB         163 kB
Γö£ ╞Æ /cv/[wallet]                               17.1 kB         111 kB
Γö£ Γùï /dashboard                                 28.4 kB         176 kB
Γö£ ╞Æ /hiring/[slug]/dashboard                   9.24 kB         103 kB
Γö£ Γùï /hiring/create                             6.41 kB         103 kB
Γö£ ╞Æ /r/[slug]                                  5.04 kB         102 kB
Γöö Γùï /why                                       4.49 kB        98.6 kB
+ First Load JS shared by all                  87.3 kB
  Γö£ chunks/23-925485a7ca0d8dbe.js              31.6 kB
  Γö£ chunks/fd9d1056-4223e706f3572caf.js        53.6 kB
  Γöö other shared chunks (total)                2.12 kB


Γùï  (Static)   prerendered as static content
╞Æ  (Dynamic)  server-rendered on demand

